TN:
SF:__tests__/mocks/db.mock.js
FN:26,(anonymous_0)
FNF:1
FNH:1
FNDA:5,(anonymous_0)
DA:2,1
DA:4,1
DA:7,1
DA:13,1
DA:19,1
DA:20,1
DA:23,1
DA:26,1
DA:27,5
DA:28,5
DA:29,5
DA:30,5
DA:33,1
LF:13
LH:13
BRF:0
BRH:0
end_of_record
TN:
SF:src/app.js
FN:16,(anonymous_0)
FN:28,initializeDB
FN:50,(anonymous_2)
FN:56,(anonymous_3)
FNF:4
FNH:0
FNDA:0,(anonymous_0)
FNDA:0,initializeDB
FNDA:0,(anonymous_2)
FNDA:0,(anonymous_3)
DA:1,1
DA:2,1
DA:3,1
DA:4,1
DA:5,1
DA:6,1
DA:8,1
DA:10,1
DA:11,1
DA:16,1
DA:17,0
DA:18,0
DA:19,0
DA:20,0
DA:22,0
DA:23,0
DA:29,0
DA:30,0
DA:38,0
DA:40,0
DA:45,1
DA:48,1
DA:49,0
DA:50,0
DA:51,0
DA:52,0
DA:56,0
DA:57,0
DA:58,0
DA:59,0
DA:63,1
LF:31
LH:13
BRDA:48,0,0,0
BRDA:48,0,1,1
BRDA:49,1,0,0
BRDA:49,1,1,0
BRDA:58,2,0,0
BRDA:58,2,1,0
BRF:6
BRH:1
end_of_record
TN:
SF:src/config/db.config.js
FNF:0
FNH:0
DA:1,1
DA:3,1
LF:2
LH:2
BRF:0
BRH:0
end_of_record
TN:
SF:src/controllers/auth.controller.js
FN:8,(anonymous_0)
FN:15,(anonymous_1)
FN:44,(anonymous_2)
FNF:3
FNH:3
FNDA:4,(anonymous_0)
FNDA:3,(anonymous_1)
FNDA:2,(anonymous_2)
DA:1,1
DA:2,1
DA:3,1
DA:4,1
DA:8,1
DA:9,4
DA:10,1
DA:12,4
DA:15,1
DA:17,3
DA:18,3
DA:19,1
DA:22,2
DA:24,2
DA:25,2
DA:26,2
DA:28,2
DA:33,1
DA:36,1
DA:37,1
DA:39,0
DA:40,0
DA:44,1
DA:46,2
DA:47,2
DA:48,0
DA:51,2
DA:53,2
DA:54,2
DA:55,2
DA:59,2
DA:60,1
DA:63,1
DA:64,1
DA:66,1
DA:67,0
DA:70,1
DA:72,0
DA:73,0
DA:77,1
LF:40
LH:34
BRDA:9,0,0,1
BRDA:9,0,1,3
BRDA:18,1,0,1
BRDA:18,1,1,2
BRDA:36,2,0,1
BRDA:36,2,1,0
BRDA:47,3,0,0
BRDA:47,3,1,2
BRDA:59,4,0,1
BRDA:59,4,1,1
BRDA:66,5,0,0
BRDA:66,5,1,1
BRF:12
BRH:9
end_of_record
TN:
SF:src/routes/auth.routes.js
FNF:0
FNH:0
DA:1,1
DA:2,1
DA:3,1
DA:4,1
DA:7,1
DA:16,1
DA:25,1
DA:26,1
DA:28,1
LF:9
LH:9
BRF:0
BRH:0
end_of_record
